[32m[Awesome-nest] 22653   - [39m2020-04-08 13:45:36    [33m[LoggerService] [39m[36m[INFO] UserController {/api/user}: RoutesResolver [33mtrue[36m[39m [67, 18]
[32m[Awesome-nest] 22653   - [39m2020-04-08 13:45:36    [33m[LoggerService] [39m[36m[INFO] Mapped {/login, POST} route RouterExplorer [33mtrue[36m[39m [67, 18]
[32m[Awesome-nest] 22653   - [39m2020-04-08 13:45:36    [33m[LoggerService] [39m[36m[INFO] Mapped {/register, POST} route RouterExplorer [33mtrue[36m[39m [67, 18]
[32m[Awesome-nest] 22653   - [39m2020-04-08 13:45:36    [33m[LoggerService] [39m[36m[INFO] Mapped {/, GET} route RouterExplorer [33mtrue[36m[39m [67, 18]
[32m[Awesome-nest] 22653   - [39m2020-04-08 13:45:36    [33m[LoggerService] [39m[36m[INFO] Mapped {/edit, POST} route RouterExplorer [33mtrue[36m[39m [67, 18]
[32m[Awesome-nest] 22653   - [39m2020-04-08 13:45:36    [33m[LoggerService] [39m[36m[INFO] Mapped {/userlist, GET} route RouterExplorer [33mtrue[36m[39m [67, 18]
[32m[Awesome-nest] 22653   - [39m2020-04-08 13:45:36    [33m[LoggerService] [39m[36m[INFO] ArticleController {/api/article}: RoutesResolver [33mtrue[36m[39m [67, 18]
[32m[Awesome-nest] 22653   - [39m2020-04-08 13:45:36    [33m[LoggerService] [39m[36m[INFO] Mapped {/type, GET} route RouterExplorer [33mtrue[36m[39m [67, 18]
[32m[Awesome-nest] 22653   - [39m2020-04-08 13:45:36    [33m[LoggerService] [39m[36m[INFO] Mapped {/home, GET} route RouterExplorer [33mtrue[36m[39m [67, 18]
[32m[Awesome-nest] 22653   - [39m2020-04-08 13:45:36    [33m[LoggerService] [39m[36m[INFO] Mapped {/socket, GET} route RouterExplorer [33mtrue[36m[39m [67, 18]
[32m[Awesome-nest] 22653   - [39m2020-04-08 13:45:36    [33m[LoggerService] [39m[36m[INFO] Mapped {/:id, GET} route RouterExplorer [33mtrue[36m[39m [67, 18]
[32m[Awesome-nest] 22653   - [39m2020-04-08 13:45:36    [33m[LoggerService] [39m[36m[INFO] Mapped {/, GET} route RouterExplorer [33mtrue[36m[39m [67, 18]
[32m[Awesome-nest] 22653   - [39m2020-04-08 13:45:36    [33m[LoggerService] [39m[36m[INFO] Mapped {/, POST} route RouterExplorer [33mtrue[36m[39m [67, 18]
[32m[Awesome-nest] 22653   - [39m2020-04-08 13:45:36    [33m[LoggerService] [39m[36m[INFO] Mapped {/edit, POST} route RouterExplorer [33mtrue[36m[39m [67, 18]
[32m[Awesome-nest] 22653   - [39m2020-04-08 13:45:36    [33m[LoggerService] [39m[36m[INFO] Mapped {/delete, POST} route RouterExplorer [33mtrue[36m[39m [67, 18]
[32m[Awesome-nest] 22653   - [39m2020-04-08 13:45:36    [33m[LoggerService] [39m[36m[INFO] Mapped {/add_type, POST} route RouterExplorer [33mtrue[36m[39m [67, 18]
[32m[Awesome-nest] 22653   - [39m2020-04-08 13:45:36    [33m[LoggerService] [39m[36m[INFO] Mapped {/edit_type, POST} route RouterExplorer [33mtrue[36m[39m [67, 18]
[32m[Awesome-nest] 22653   - [39m2020-04-08 13:45:36    [33m[LoggerService] [39m[36m[INFO] UploadController {/api/upload}: RoutesResolver [33mtrue[36m[39m [67, 18]
[32m[Awesome-nest] 22653   - [39m2020-04-08 13:45:36    [33m[LoggerService] [39m[36m[INFO] Mapped {/, POST} route RouterExplorer [33mtrue[36m[39m [67, 18]
[32m[Awesome-nest] 22653   - [39m2020-04-08 13:45:36    [33m[LoggerService] [39m[36m[INFO] Mapped {/, GET} route RouterExplorer [33mtrue[36m[39m [67, 18]
[32m[Awesome-nest] 22653   - [39m2020-04-08 13:45:36    [33m[LoggerService] [39m[36m[INFO] ConfigController {/api/config}: RoutesResolver [33mtrue[36m[39m [67, 18]
[32m[Awesome-nest] 22653   - [39m2020-04-08 13:45:36    [33m[LoggerService] [39m[36m[INFO] Mapped {/, GET} route RouterExplorer [33mtrue[36m[39m [67, 18]
[32m[Awesome-nest] 22653   - [39m2020-04-08 13:45:36    [33m[LoggerService] [39m[36m[INFO] Mapped {/edit, POST} route RouterExplorer [33mtrue[36m[39m [67, 18]
[32m[Awesome-nest] 22653   - [39m2020-04-08 13:45:36    [33m[LoggerService] [39m[36m[INFO] Mapped {/set, POST} route RouterExplorer [33mtrue[36m[39m [67, 18]
[32m[Awesome-nest] 22653   - [39m2020-04-08 13:45:36    [33m[LoggerService] [39m[36m[INFO] StorageController {/api/storage}: RoutesResolver [33mtrue[36m[39m [67, 18]
[32m[Awesome-nest] 22653   - [39m2020-04-08 13:45:36    [33m[LoggerService] [39m[36m[INFO] Mapped {/get, GET} route RouterExplorer [33mtrue[36m[39m [67, 18]
[32m[Awesome-nest] 22653   - [39m2020-04-08 13:45:36    [33m[LoggerService] [39m[36m[INFO] Mapped {/set, POST} route RouterExplorer [33mtrue[36m[39m [67, 18]
[32m[Awesome-nest] 22653   - [39m2020-04-08 13:45:36    [33m[LoggerService] [39m[36m[INFO] PermissionsController {/api/permissions}: RoutesResolver [33mtrue[36m[39m [67, 18]
[32m[Awesome-nest] 22653   - [39m2020-04-08 13:45:36    [33m[LoggerService] [39m[36m[INFO] Mapped {/list, GET} route RouterExplorer [33mtrue[36m[39m [67, 18]
[32m[Awesome-nest] 22653   - [39m2020-04-08 13:45:36    [33m[LoggerService] [39m[36m[INFO] Mapped {/edit, POST} route RouterExplorer [33mtrue[36m[39m [67, 18]
[32m[Awesome-nest] 22653   - [39m2020-04-08 13:45:36    [33m[LoggerService] [39m[36m[INFO] Mapped {/add, POST} route RouterExplorer [33mtrue[36m[39m [67, 18]
[32m[Awesome-nest] 22653   - [39m2020-04-08 13:45:36    [33m[LoggerService] [39m[36m[INFO] Mapped {/delete, POST} route RouterExplorer [33mtrue[36m[39m [67, 18]
[32m[Awesome-nest] 22653   - [39m2020-04-08 13:45:36    [33m[LoggerService] [39m[36m[INFO] Nest application successfully started NestApplication [33mtrue[36m[39m [67, 18]
[32m[Awesome-nest] 22653   - [39m2020-04-08 13:45:42    [33m[Response] [39m[31m[ERROR] "GET /api/article/sadfdasf][39m
[31m" Mozilla/5.0 (Macintosh; Intel Mac OS X 10_13_6) AppleWebKit/537.36 (KHTML, like Gecko) Chrome/80.0.3987.163 Safari/537.36[39m
[31m TypeError: Cannot read property 'look_num' of undefined[39m
[31m    at ArticleService.<anonymous> (/Users/lixingwen/Desktop/mygithub/nest-project/src/module/api/article/article.service.ts:89:27)[39m
[31m    at Generator.next (<anonymous>)[39m
[31m    at fulfilled (/Users/lixingwen/Desktop/mygithub/nest-project/src/module/api/article/article.service.ts:16:58)[39m
[31m    at process._tickCallback (internal/process/next_tick.js:68:7)[39m [29, 29]
[32m[Awesome-nest] 22714   - [39m2020-04-08 13:46:14    [33m[LoggerService] [39m[36m[INFO] UserController {/api/user}: RoutesResolver [33mtrue[36m[39m [67, 18]
[32m[Awesome-nest] 22714   - [39m2020-04-08 13:46:14    [33m[LoggerService] [39m[36m[INFO] Mapped {/login, POST} route RouterExplorer [33mtrue[36m[39m [67, 18]
[32m[Awesome-nest] 22714   - [39m2020-04-08 13:46:14    [33m[LoggerService] [39m[36m[INFO] Mapped {/register, POST} route RouterExplorer [33mtrue[36m[39m [67, 18]
[32m[Awesome-nest] 22714   - [39m2020-04-08 13:46:14    [33m[LoggerService] [39m[36m[INFO] Mapped {/, GET} route RouterExplorer [33mtrue[36m[39m [67, 18]
[32m[Awesome-nest] 22714   - [39m2020-04-08 13:46:14    [33m[LoggerService] [39m[36m[INFO] Mapped {/edit, POST} route RouterExplorer [33mtrue[36m[39m [67, 18]
[32m[Awesome-nest] 22714   - [39m2020-04-08 13:46:14    [33m[LoggerService] [39m[36m[INFO] Mapped {/userlist, GET} route RouterExplorer [33mtrue[36m[39m [67, 18]
[32m[Awesome-nest] 22714   - [39m2020-04-08 13:46:14    [33m[LoggerService] [39m[36m[INFO] ArticleController {/api/article}: RoutesResolver [33mtrue[36m[39m [67, 18]
[32m[Awesome-nest] 22714   - [39m2020-04-08 13:46:14    [33m[LoggerService] [39m[36m[INFO] Mapped {/type, GET} route RouterExplorer [33mtrue[36m[39m [67, 18]
[32m[Awesome-nest] 22714   - [39m2020-04-08 13:46:14    [33m[LoggerService] [39m[36m[INFO] Mapped {/home, GET} route RouterExplorer [33mtrue[36m[39m [67, 18]
[32m[Awesome-nest] 22714   - [39m2020-04-08 13:46:14    [33m[LoggerService] [39m[36m[INFO] Mapped {/socket, GET} route RouterExplorer [33mtrue[36m[39m [67, 18]
[32m[Awesome-nest] 22714   - [39m2020-04-08 13:46:14    [33m[LoggerService] [39m[36m[INFO] Mapped {/:id, GET} route RouterExplorer [33mtrue[36m[39m [67, 18]
[32m[Awesome-nest] 22714   - [39m2020-04-08 13:46:14    [33m[LoggerService] [39m[36m[INFO] Mapped {/, GET} route RouterExplorer [33mtrue[36m[39m [67, 18]
[32m[Awesome-nest] 22714   - [39m2020-04-08 13:46:14    [33m[LoggerService] [39m[36m[INFO] Mapped {/, POST} route RouterExplorer [33mtrue[36m[39m [67, 18]
[32m[Awesome-nest] 22714   - [39m2020-04-08 13:46:14    [33m[LoggerService] [39m[36m[INFO] Mapped {/edit, POST} route RouterExplorer [33mtrue[36m[39m [67, 18]
[32m[Awesome-nest] 22714   - [39m2020-04-08 13:46:14    [33m[LoggerService] [39m[36m[INFO] Mapped {/delete, POST} route RouterExplorer [33mtrue[36m[39m [67, 18]
[32m[Awesome-nest] 22714   - [39m2020-04-08 13:46:14    [33m[LoggerService] [39m[36m[INFO] Mapped {/add_type, POST} route RouterExplorer [33mtrue[36m[39m [67, 18]
[32m[Awesome-nest] 22714   - [39m2020-04-08 13:46:14    [33m[LoggerService] [39m[36m[INFO] Mapped {/edit_type, POST} route RouterExplorer [33mtrue[36m[39m [67, 18]
[32m[Awesome-nest] 22714   - [39m2020-04-08 13:46:14    [33m[LoggerService] [39m[36m[INFO] UploadController {/api/upload}: RoutesResolver [33mtrue[36m[39m [67, 18]
[32m[Awesome-nest] 22714   - [39m2020-04-08 13:46:14    [33m[LoggerService] [39m[36m[INFO] Mapped {/, POST} route RouterExplorer [33mtrue[36m[39m [67, 18]
[32m[Awesome-nest] 22714   - [39m2020-04-08 13:46:14    [33m[LoggerService] [39m[36m[INFO] Mapped {/, GET} route RouterExplorer [33mtrue[36m[39m [67, 18]
[32m[Awesome-nest] 22714   - [39m2020-04-08 13:46:14    [33m[LoggerService] [39m[36m[INFO] ConfigController {/api/config}: RoutesResolver [33mtrue[36m[39m [67, 18]
[32m[Awesome-nest] 22714   - [39m2020-04-08 13:46:14    [33m[LoggerService] [39m[36m[INFO] Mapped {/, GET} route RouterExplorer [33mtrue[36m[39m [67, 18]
[32m[Awesome-nest] 22714   - [39m2020-04-08 13:46:14    [33m[LoggerService] [39m[36m[INFO] Mapped {/edit, POST} route RouterExplorer [33mtrue[36m[39m [67, 18]
[32m[Awesome-nest] 22714   - [39m2020-04-08 13:46:14    [33m[LoggerService] [39m[36m[INFO] Mapped {/set, POST} route RouterExplorer [33mtrue[36m[39m [67, 18]
[32m[Awesome-nest] 22714   - [39m2020-04-08 13:46:14    [33m[LoggerService] [39m[36m[INFO] StorageController {/api/storage}: RoutesResolver [33mtrue[36m[39m [67, 18]
[32m[Awesome-nest] 22714   - [39m2020-04-08 13:46:14    [33m[LoggerService] [39m[36m[INFO] Mapped {/get, GET} route RouterExplorer [33mtrue[36m[39m [67, 18]
[32m[Awesome-nest] 22714   - [39m2020-04-08 13:46:14    [33m[LoggerService] [39m[36m[INFO] Mapped {/set, POST} route RouterExplorer [33mtrue[36m[39m [67, 18]
[32m[Awesome-nest] 22714   - [39m2020-04-08 13:46:14    [33m[LoggerService] [39m[36m[INFO] PermissionsController {/api/permissions}: RoutesResolver [33mtrue[36m[39m [67, 18]
[32m[Awesome-nest] 22714   - [39m2020-04-08 13:46:14    [33m[LoggerService] [39m[36m[INFO] Mapped {/list, GET} route RouterExplorer [33mtrue[36m[39m [67, 18]
[32m[Awesome-nest] 22714   - [39m2020-04-08 13:46:14    [33m[LoggerService] [39m[36m[INFO] Mapped {/edit, POST} route RouterExplorer [33mtrue[36m[39m [67, 18]
[32m[Awesome-nest] 22714   - [39m2020-04-08 13:46:14    [33m[LoggerService] [39m[36m[INFO] Mapped {/add, POST} route RouterExplorer [33mtrue[36m[39m [67, 18]
[32m[Awesome-nest] 22714   - [39m2020-04-08 13:46:14    [33m[LoggerService] [39m[36m[INFO] Mapped {/delete, POST} route RouterExplorer [33mtrue[36m[39m [67, 18]
[32m[Awesome-nest] 22714   - [39m2020-04-08 13:46:14    [33m[LoggerService] [39m[36m[INFO] Nest application successfully started NestApplication [33mtrue[36m[39m [67, 18]
[32m[Awesome-nest] 22714   - [39m2020-04-08 13:46:21    [33m[Response] [39m[31m[ERROR] "GET /api/article/sadfdasf"[39m
[31m Mozilla/5.0 (Macintosh; Intel Mac OS X 10_13_6) AppleWebKit/537.36 (KHTML, like Gecko) Chrome/80.0.3987.163 Safari/537.36[39m
[31m TypeError: Cannot read property 'look_num' of undefined[39m
[31m    at ArticleService.<anonymous> (/Users/lixingwen/Desktop/mygithub/nest-project/src/module/api/article/article.service.ts:89:27)[39m
[31m    at Generator.next (<anonymous>)[39m
[31m    at fulfilled (/Users/lixingwen/Desktop/mygithub/nest-project/src/module/api/article/article.service.ts:16:58)[39m
[31m    at process._tickCallback (internal/process/next_tick.js:68:7)[39m [29, 29]
