[32m[Awesome-nest] 8364   - [39m2019-11-01 14:02:30    [33m[ArticleService] [39m[36m[INFO] getType[39m [48, 16]
[32m[Awesome-nest] 8364   - [39m2019-11-01 14:02:30    [33m[ArticleService] [39m[33m[WARN] getType[39m [49, 16]
[32m[Awesome-nest] 10351   - [39m2019-11-01 14:55:37    [33m[ArticleService] [39m[36m[INFO] socket[39m [80, 16]
[32m[Awesome-nest] 10417   - [39m2019-11-01 14:56:49    [33m[ArticleService] [39m[36m[INFO] socket[39m [81, 16]
[32m[Awesome-nest] 10417   - [39m2019-11-01 14:56:56    [33m[ArticleService] [39m[36m[INFO] socket[39m [81, 16]
[32m[Awesome-nest] 10474   - [39m2019-11-01 14:57:58    [33m[ArticleService] [39m[36m[INFO] socket[39m [84, 16]
[32m[Awesome-nest] 10474   - [39m2019-11-01 14:58:04    [33m[ArticleService] [39m[36m[INFO] socket[39m [84, 16]
[32m[Awesome-nest] 10474   - [39m2019-11-01 14:58:10    [33m[ArticleService] [39m[36m[INFO] sockedt[39m [84, 16]
[32m[Awesome-nest] 10474   - [39m2019-11-01 14:58:14    [33m[ArticleService] [39m[36m[INFO] socket[39m [84, 16]
[32m[Awesome-nest] 10474   - [39m2019-11-01 14:58:20    [33m[ArticleService] [39m[36m[INFO] socket[39m [84, 16]
[32m[Awesome-nest] 10474   - [39m2019-11-01 14:58:22    [33m[ArticleService] [39m[36m[INFO] socket[39m [84, 16]
[32m[Awesome-nest] 10534   - [39m2019-11-01 14:59:23    [33m[ArticleService] [39m[36m[INFO] socket[39m [84, 16]
[32m[Awesome-nest] 10534   - [39m2019-11-01 15:00:12    [33m[ArticleService] [39m[36m[INFO] socket[39m [84, 16]
[32m[Awesome-nest] 10534   - [39m2019-11-01 15:00:17    [33m[ArticleService] [39m[36m[INFO] socket[39m [84, 16]
[32m[Awesome-nest] 10534   - [39m2019-11-01 15:00:33    [33m[ArticleService] [39m[36m[INFO] edit_type[39m [84, 16]
[32m[Awesome-nest] 10534   - [39m2019-11-01 15:00:35    [33m[ArticleService] [39m[36m[INFO] edit_type[39m [84, 16]
[32m[Awesome-nest] 10615   - [39m2019-11-01 15:01:16    [33m[ArticleService] [39m[36m[INFO] socket[39m [84, 16]
[32m[Awesome-nest] 10615   - [39m2019-11-01 15:01:18    [33m[ArticleService] [39m[36m[INFO] socket[39m [84, 16]
[32m[Awesome-nest] 10615   - [39m2019-11-01 15:01:45    [33m[ArticleService] [39m[36m[INFO] socket[39m [84, 16]
[32m[Awesome-nest] 10615   - [39m2019-11-01 15:01:48    [33m[ArticleService] [39m[36m[INFO] socket[39m [84, 16]
[32m[Awesome-nest] 10660   - [39m2019-11-01 15:02:19    [33m[ArticleService] [39m[36m[INFO] socket[39m [84, 16]
[32m[Awesome-nest] 10660   - [39m2019-11-01 15:02:25    [33m[ArticleService] [39m[36m[INFO] socket[39m [84, 16]
[32m[Awesome-nest] 10686   - [39m2019-11-01 15:02:45    [33m[ArticleService] [39m[36m[INFO] socket[39m [84, 16]
[32m[Awesome-nest] 10686   - [39m2019-11-01 15:02:47    [33m[ArticleService] [39m[36m[INFO] socket[39m [84, 16]
[32m[Awesome-nest] 10686   - [39m2019-11-01 15:02:49    [33m[ArticleService] [39m[36m[INFO] socket[39m [84, 16]
[32m[Awesome-nest] 10686   - [39m2019-11-01 15:02:51    [33m[ArticleService] [39m[36m[INFO] socket[39m [84, 16]
[32m[Awesome-nest] 10686   - [39m2019-11-01 15:02:59    [33m[ArticleService] [39m[36m[INFO] socket[39m [84, 16]
[32m[Awesome-nest] 10713   - [39m2019-11-01 15:03:14    [33m[ArticleService] [39m[36m[INFO] socket[39m [84, 16]
[32m[Awesome-nest] 10713   - [39m2019-11-01 15:03:16    [33m[ArticleService] [39m[36m[INFO] socket[39m [84, 16]
[32m[Awesome-nest] 10713   - [39m2019-11-01 15:03:18    [33m[ArticleService] [39m[36m[INFO] socket[39m [84, 16]
[32m[Awesome-nest] 10713   - [39m2019-11-01 15:03:20    [33m[ArticleService] [39m[36m[INFO] socket[39m [84, 16]
[32m[Awesome-nest] 10737   - [39m2019-11-01 15:03:37    [33m[ArticleService] [39m[36m[INFO] socket[39m [84, 16]
[32m[Awesome-nest] 10737   - [39m2019-11-01 15:03:37    [33m[ArticleService] [39m[36m[INFO] socket[39m [84, 16]
[32m[Awesome-nest] 10737   - [39m2019-11-01 15:03:38    [33m[ArticleService] [39m[36m[INFO] socket[39m [84, 16]
[32m[Awesome-nest] 10737   - [39m2019-11-01 15:03:38    [33m[ArticleService] [39m[36m[INFO] socket[39m [84, 16]
[32m[Awesome-nest] 10737   - [39m2019-11-01 15:03:38    [33m[ArticleService] [39m[36m[INFO] socket[39m [84, 16]
[32m[Awesome-nest] 10737   - [39m2019-11-01 15:03:39    [33m[ArticleService] [39m[36m[INFO] socket[39m [84, 16]
[32m[Awesome-nest] 10737   - [39m2019-11-01 15:03:40    [33m[ArticleService] [39m[36m[INFO] socket[39m [84, 16]
[32m[Awesome-nest] 10737   - [39m2019-11-01 15:03:40    [33m[ArticleService] [39m[36m[INFO] socket[39m [84, 16]
[32m[Awesome-nest] 10737   - [39m2019-11-01 15:03:40    [33m[ArticleService] [39m[36m[INFO] socket[39m [84, 16]
